WARNING - 2025-05-30 03:09:54 --> [DEPRECATED] Creation of dynamic property App\Controllers\Home::$encrypter is deprecated in APPPATH/Controllers/BaseController.php on line 54.
 1 SYSTEMPATH/CodeIgniter.php(904): App\Controllers\BaseController->initController(Object(CodeIgniter\HTTP\IncomingRequest), Object(CodeIgniter\HTTP\Response), Object(CodeIgniter\Log\Logger))
 2 SYSTEMPATH/CodeIgniter.php(498): CodeIgniter\CodeIgniter->createController()
 3 SYSTEMPATH/CodeIgniter.php(354): CodeIgniter\CodeIgniter->handleRequest(null, Object(Config\Cache), false)
 4 SYSTEMPATH/Boot.php(334): CodeIgniter\CodeIgniter->run()
 5 SYSTEMPATH/Boot.php(67): CodeIgniter\Boot::runCodeIgniter(Object(CodeIgniter\CodeIgniter))
 6 FCPATH/index.php(59): CodeIgniter\Boot::bootWeb(Object(Config\Paths))
WARNING - 2025-05-30 03:09:54 --> [DEPRECATED] Creation of dynamic property App\Controllers\Home::$encrypter is deprecated in APPPATH/Controllers/BaseController.php on line 54.
 1 SYSTEMPATH/CodeIgniter.php(904): App\Controllers\BaseController->initController(Object(CodeIgniter\HTTP\IncomingRequest), Object(CodeIgniter\HTTP\Response), Object(CodeIgniter\Log\Logger))
 2 SYSTEMPATH/CodeIgniter.php(498): CodeIgniter\CodeIgniter->createController()
 3 SYSTEMPATH/CodeIgniter.php(354): CodeIgniter\CodeIgniter->handleRequest(null, Object(Config\Cache), false)
 4 SYSTEMPATH/Boot.php(334): CodeIgniter\CodeIgniter->run()
 5 SYSTEMPATH/Boot.php(67): CodeIgniter\Boot::runCodeIgniter(Object(CodeIgniter\CodeIgniter))
 6 FCPATH/index.php(59): CodeIgniter\Boot::bootWeb(Object(Config\Paths))
WARNING - 2025-05-30 03:09:58 --> [DEPRECATED] Creation of dynamic property Modules\Menu\Controllers\Menu::$encrypter is deprecated in APPPATH/Controllers/BaseController.php on line 54.
 1 SYSTEMPATH/CodeIgniter.php(904): App\Controllers\BaseController->initController(Object(CodeIgniter\HTTP\IncomingRequest), Object(CodeIgniter\HTTP\Response), Object(CodeIgniter\Log\Logger))
 2 SYSTEMPATH/CodeIgniter.php(498): CodeIgniter\CodeIgniter->createController()
 3 SYSTEMPATH/CodeIgniter.php(354): CodeIgniter\CodeIgniter->handleRequest(null, Object(Config\Cache), false)
 4 SYSTEMPATH/Boot.php(334): CodeIgniter\CodeIgniter->run()
 5 SYSTEMPATH/Boot.php(67): CodeIgniter\Boot::runCodeIgniter(Object(CodeIgniter\CodeIgniter))
 6 FCPATH/index.php(59): CodeIgniter\Boot::bootWeb(Object(Config\Paths))
WARNING - 2025-05-30 03:09:58 --> [DEPRECATED] Creation of dynamic property Modules\Menu\Controllers\Menu::$encrypter is deprecated in APPPATH/Controllers/BaseController.php on line 54.
 1 SYSTEMPATH/CodeIgniter.php(904): App\Controllers\BaseController->initController(Object(CodeIgniter\HTTP\IncomingRequest), Object(CodeIgniter\HTTP\Response), Object(CodeIgniter\Log\Logger))
 2 SYSTEMPATH/CodeIgniter.php(498): CodeIgniter\CodeIgniter->createController()
 3 SYSTEMPATH/CodeIgniter.php(354): CodeIgniter\CodeIgniter->handleRequest(null, Object(Config\Cache), false)
 4 SYSTEMPATH/Boot.php(334): CodeIgniter\CodeIgniter->run()
 5 SYSTEMPATH/Boot.php(67): CodeIgniter\Boot::runCodeIgniter(Object(CodeIgniter\CodeIgniter))
 6 FCPATH/index.php(59): CodeIgniter\Boot::bootWeb(Object(Config\Paths))
ERROR - 2025-05-30 03:09:58 --> mysqli_sql_exception: Table 'u787042927_website.menus' doesn't exist in /home/u787042927/domains/netgen.id/public_html/development/website/appengines/system/Database/MySQLi/Connection.php:327
Stack trace:
#0 /home/u787042927/domains/netgen.id/public_html/development/website/appengines/system/Database/MySQLi/Connection.php(327): mysqli->query()
#1 /home/u787042927/domains/netgen.id/public_html/development/website/appengines/system/Database/BaseConnection.php(738): CodeIgniter\Database\MySQLi\Connection->execute()
#2 /home/u787042927/domains/netgen.id/public_html/development/website/appengines/system/Database/BaseConnection.php(652): CodeIgniter\Database\BaseConnection->simpleQuery()
#3 /home/u787042927/domains/netgen.id/public_html/development/website/appengines/system/Database/BaseBuilder.php(1649): CodeIgniter\Database\BaseConnection->query()
#4 /home/u787042927/domains/netgen.id/public_html/development/website/appengines/app/Models/MyModel.php(17): CodeIgniter\Database\BaseBuilder->get()
#5 /home/u787042927/domains/netgen.id/public_html/development/website/appengines/app/Modules/Menu/Controllers/Menu.php(71): App\Models\MyModel->getAllData()
#6 /home/u787042927/domains/netgen.id/public_html/development/website/appengines/system/CodeIgniter.php(933): Modules\Menu\Controllers\Menu->dataList()
#7 /home/u787042927/domains/netgen.id/public_html/development/website/appengines/system/CodeIgniter.php(507): CodeIgniter\CodeIgniter->runController()
#8 /home/u787042927/domains/netgen.id/public_html/development/website/appengines/system/CodeIgniter.php(354): CodeIgniter\CodeIgniter->handleRequest()
#9 /home/u787042927/domains/netgen.id/public_html/development/website/appengines/system/Boot.php(334): CodeIgniter\CodeIgniter->run()
#10 /home/u787042927/domains/netgen.id/public_html/development/website/appengines/system/Boot.php(67): CodeIgniter\Boot::runCodeIgniter()
#11 /home/u787042927/domains/netgen.id/public_html/development/website/index.php(59): CodeIgniter\Boot::bootWeb()
#12 {main}
CRITICAL - 2025-05-30 03:09:58 --> CodeIgniter\Database\Exceptions\DatabaseException: Table 'u787042927_website.menus' doesn't exist
[Method: GET, Route: menu/datalist]
in SYSTEMPATH/Database/BaseConnection.php on line 692.
 1 SYSTEMPATH/Database/BaseBuilder.php(1649): CodeIgniter\Database\BaseConnection->query()
 2 APPPATH/Models/MyModel.php(17): CodeIgniter\Database\BaseBuilder->get()
 3 APPPATH/Modules/Menu/Controllers/Menu.php(71): App\Models\MyModel->getAllData()
 4 SYSTEMPATH/CodeIgniter.php(933): Modules\Menu\Controllers\Menu->dataList()
 5 SYSTEMPATH/CodeIgniter.php(507): CodeIgniter\CodeIgniter->runController()
 6 SYSTEMPATH/CodeIgniter.php(354): CodeIgniter\CodeIgniter->handleRequest()
 7 SYSTEMPATH/Boot.php(334): CodeIgniter\CodeIgniter->run()
 8 SYSTEMPATH/Boot.php(67): CodeIgniter\Boot::runCodeIgniter()
 9 FCPATH/index.php(59): CodeIgniter\Boot::bootWeb()
CRITICAL - 2025-05-30 03:09:58 --> [Caused by] CodeIgniter\Database\Exceptions\DatabaseException: Table 'u787042927_website.menus' doesn't exist
in SYSTEMPATH/Database/MySQLi/Connection.php on line 332.
 1 SYSTEMPATH/Database/BaseConnection.php(738): CodeIgniter\Database\MySQLi\Connection->execute()
 2 SYSTEMPATH/Database/BaseConnection.php(652): CodeIgniter\Database\BaseConnection->simpleQuery()
 3 SYSTEMPATH/Database/BaseBuilder.php(1649): CodeIgniter\Database\BaseConnection->query()
 4 APPPATH/Models/MyModel.php(17): CodeIgniter\Database\BaseBuilder->get()
 5 APPPATH/Modules/Menu/Controllers/Menu.php(71): App\Models\MyModel->getAllData()
 6 SYSTEMPATH/CodeIgniter.php(933): Modules\Menu\Controllers\Menu->dataList()
 7 SYSTEMPATH/CodeIgniter.php(507): CodeIgniter\CodeIgniter->runController()
 8 SYSTEMPATH/CodeIgniter.php(354): CodeIgniter\CodeIgniter->handleRequest()
 9 SYSTEMPATH/Boot.php(334): CodeIgniter\CodeIgniter->run()
10 SYSTEMPATH/Boot.php(67): CodeIgniter\Boot::runCodeIgniter()
11 FCPATH/index.php(59): CodeIgniter\Boot::bootWeb()
CRITICAL - 2025-05-30 03:09:58 --> [Caused by] mysqli_sql_exception: Table 'u787042927_website.menus' doesn't exist
in SYSTEMPATH/Database/MySQLi/Connection.php on line 327.
 1 SYSTEMPATH/Database/MySQLi/Connection.php(327): mysqli->query()
 2 SYSTEMPATH/Database/BaseConnection.php(738): CodeIgniter\Database\MySQLi\Connection->execute()
 3 SYSTEMPATH/Database/BaseConnection.php(652): CodeIgniter\Database\BaseConnection->simpleQuery()
 4 SYSTEMPATH/Database/BaseBuilder.php(1649): CodeIgniter\Database\BaseConnection->query()
 5 APPPATH/Models/MyModel.php(17): CodeIgniter\Database\BaseBuilder->get()
 6 APPPATH/Modules/Menu/Controllers/Menu.php(71): App\Models\MyModel->getAllData()
 7 SYSTEMPATH/CodeIgniter.php(933): Modules\Menu\Controllers\Menu->dataList()
 8 SYSTEMPATH/CodeIgniter.php(507): CodeIgniter\CodeIgniter->runController()
 9 SYSTEMPATH/CodeIgniter.php(354): CodeIgniter\CodeIgniter->handleRequest()
10 SYSTEMPATH/Boot.php(334): CodeIgniter\CodeIgniter->run()
11 SYSTEMPATH/Boot.php(67): CodeIgniter\Boot::runCodeIgniter()
12 FCPATH/index.php(59): CodeIgniter\Boot::bootWeb()
