CRITICAL - 2025-05-19 14:51:16 --> CodeIgniter\View\Exceptions\ViewException: Invalid file: "Modules/v_dashboard.php"
[Method: GET, Route: dashboard]
in SYSTEMPATH\Exceptions\FrameworkException.php on line 39.
 1 SYSTEMPATH\View\View.php(212): CodeIgniter\Exceptions\FrameworkException::forInvalidFile('Modules/v_dashboard.php')
 2 SYSTEMPATH\Common.php(1173): CodeIgniter\View\View->render('Modules/v_dashboard', [], true)
 3 APPPATH\Views\template.php(45): view('Modules/v_dashboard')
 4 SYSTEMPATH\View\View.php(224): include('C:\\xampp\\htdocs\\klinikmedikidz\\appengines\\app\\Views\\template.php')
 5 SYSTEMPATH\View\View.php(227): CodeIgniter\View\View->CodeIgniter\View\{closure}()
 6 SYSTEMPATH\Common.php(1173): CodeIgniter\View\View->render('template', [], true)
 7 APPPATH\Modules\Dashboard\Dashboard.php(15): view('template', [...])
 8 SYSTEMPATH\CodeIgniter.php(933): Modules\Dashboard\Dashboard->index()
 9 SYSTEMPATH\CodeIgniter.php(507): CodeIgniter\CodeIgniter->runController(Object(Modules\Dashboard\Dashboard))
10 SYSTEMPATH\CodeIgniter.php(354): CodeIgniter\CodeIgniter->handleRequest(null, Object(Config\Cache), false)
11 SYSTEMPATH\Boot.php(334): CodeIgniter\CodeIgniter->run()
12 SYSTEMPATH\Boot.php(67): CodeIgniter\Boot::runCodeIgniter(Object(CodeIgniter\CodeIgniter))
13 FCPATH\index.php(59): CodeIgniter\Boot::bootWeb(Object(Config\Paths))
CRITICAL - 2025-05-19 14:51:27 --> CodeIgniter\View\Exceptions\ViewException: Invalid file: "Modules/v_dashboard.php"
[Method: GET, Route: dashboard]
in SYSTEMPATH\Exceptions\FrameworkException.php on line 39.
 1 SYSTEMPATH\View\View.php(212): CodeIgniter\Exceptions\FrameworkException::forInvalidFile('Modules/v_dashboard.php')
 2 SYSTEMPATH\Common.php(1173): CodeIgniter\View\View->render('Modules/v_dashboard', [], true)
 3 APPPATH\Views\template.php(45): view('Modules/v_dashboard')
 4 SYSTEMPATH\View\View.php(224): include('C:\\xampp\\htdocs\\klinikmedikidz\\appengines\\app\\Views\\template.php')
 5 SYSTEMPATH\View\View.php(227): CodeIgniter\View\View->CodeIgniter\View\{closure}()
 6 SYSTEMPATH\Common.php(1173): CodeIgniter\View\View->render('template', [], true)
 7 APPPATH\Modules\Dashboard\Dashboard.php(15): view('template', [...])
 8 SYSTEMPATH\CodeIgniter.php(933): Modules\Dashboard\Dashboard->index()
 9 SYSTEMPATH\CodeIgniter.php(507): CodeIgniter\CodeIgniter->runController(Object(Modules\Dashboard\Dashboard))
10 SYSTEMPATH\CodeIgniter.php(354): CodeIgniter\CodeIgniter->handleRequest(null, Object(Config\Cache), false)
11 SYSTEMPATH\Boot.php(334): CodeIgniter\CodeIgniter->run()
12 SYSTEMPATH\Boot.php(67): CodeIgniter\Boot::runCodeIgniter(Object(CodeIgniter\CodeIgniter))
13 FCPATH\index.php(59): CodeIgniter\Boot::bootWeb(Object(Config\Paths))
CRITICAL - 2025-05-19 14:51:45 --> CodeIgniter\View\Exceptions\ViewException: Invalid file: "Modules/Dashboard/v_dashboard.php"
[Method: GET, Route: dashboard]
in SYSTEMPATH\Exceptions\FrameworkException.php on line 39.
 1 SYSTEMPATH\View\View.php(212): CodeIgniter\Exceptions\FrameworkException::forInvalidFile('Modules/Dashboard/v_dashboard.php')
 2 SYSTEMPATH\Common.php(1173): CodeIgniter\View\View->render('Modules/Dashboard/v_dashboard', [], true)
 3 APPPATH\Views\template.php(45): view('Modules/Dashboard/v_dashboard')
 4 SYSTEMPATH\View\View.php(224): include('C:\\xampp\\htdocs\\klinikmedikidz\\appengines\\app\\Views\\template.php')
 5 SYSTEMPATH\View\View.php(227): CodeIgniter\View\View->CodeIgniter\View\{closure}()
 6 SYSTEMPATH\Common.php(1173): CodeIgniter\View\View->render('template', [], true)
 7 APPPATH\Modules\Dashboard\Dashboard.php(15): view('template', [...])
 8 SYSTEMPATH\CodeIgniter.php(933): Modules\Dashboard\Dashboard->index()
 9 SYSTEMPATH\CodeIgniter.php(507): CodeIgniter\CodeIgniter->runController(Object(Modules\Dashboard\Dashboard))
10 SYSTEMPATH\CodeIgniter.php(354): CodeIgniter\CodeIgniter->handleRequest(null, Object(Config\Cache), false)
11 SYSTEMPATH\Boot.php(334): CodeIgniter\CodeIgniter->run()
12 SYSTEMPATH\Boot.php(67): CodeIgniter\Boot::runCodeIgniter(Object(CodeIgniter\CodeIgniter))
13 FCPATH\index.php(59): CodeIgniter\Boot::bootWeb(Object(Config\Paths))
CRITICAL - 2025-05-19 14:53:37 --> CodeIgniter\View\Exceptions\ViewException: Invalid file: "Modules/Dashboard/v_dashboard.php"
[Method: GET, Route: dashboard]
in SYSTEMPATH\Exceptions\FrameworkException.php on line 39.
 1 SYSTEMPATH\View\View.php(212): CodeIgniter\Exceptions\FrameworkException::forInvalidFile('Modules/Dashboard/v_dashboard.php')
 2 SYSTEMPATH\Common.php(1173): CodeIgniter\View\View->render('Modules/Dashboard/v_dashboard', [], true)
 3 APPPATH\Views\template.php(45): view('Modules/Dashboard/v_dashboard')
 4 SYSTEMPATH\View\View.php(224): include('C:\\xampp\\htdocs\\klinikmedikidz\\appengines\\app\\Views\\template.php')
 5 SYSTEMPATH\View\View.php(227): CodeIgniter\View\View->CodeIgniter\View\{closure}()
 6 SYSTEMPATH\Common.php(1173): CodeIgniter\View\View->render('template', [], true)
 7 APPPATH\Modules\Dashboard\Dashboard.php(15): view('template', [...])
 8 SYSTEMPATH\CodeIgniter.php(933): Modules\Dashboard\Dashboard->index()
 9 SYSTEMPATH\CodeIgniter.php(507): CodeIgniter\CodeIgniter->runController(Object(Modules\Dashboard\Dashboard))
10 SYSTEMPATH\CodeIgniter.php(354): CodeIgniter\CodeIgniter->handleRequest(null, Object(Config\Cache), false)
11 SYSTEMPATH\Boot.php(334): CodeIgniter\CodeIgniter->run()
12 SYSTEMPATH\Boot.php(67): CodeIgniter\Boot::runCodeIgniter(Object(CodeIgniter\CodeIgniter))
13 FCPATH\index.php(59): CodeIgniter\Boot::bootWeb(Object(Config\Paths))
CRITICAL - 2025-05-19 14:57:38 --> CodeIgniter\View\Exceptions\ViewException: Invalid file: "Modules/Dashboard/Views/v_dashboard.php"
[Method: GET, Route: dashboard]
in SYSTEMPATH\Exceptions\FrameworkException.php on line 39.
 1 SYSTEMPATH\View\View.php(212): CodeIgniter\Exceptions\FrameworkException::forInvalidFile('Modules/Dashboard/Views/v_dashboard.php')
 2 SYSTEMPATH\Common.php(1173): CodeIgniter\View\View->render('Modules/Dashboard/Views/v_dashboard', [], true)
 3 APPPATH\Views\template.php(45): view('Modules/Dashboard/Views/v_dashboard')
 4 SYSTEMPATH\View\View.php(224): include('C:\\xampp\\htdocs\\klinikmedikidz\\appengines\\app\\Views\\template.php')
 5 SYSTEMPATH\View\View.php(227): CodeIgniter\View\View->CodeIgniter\View\{closure}()
 6 SYSTEMPATH\Common.php(1173): CodeIgniter\View\View->render('template', [], true)
 7 APPPATH\Modules\Dashboard\Dashboard.php(15): view('template', [...])
 8 SYSTEMPATH\CodeIgniter.php(933): Modules\Dashboard\Dashboard->index()
 9 SYSTEMPATH\CodeIgniter.php(507): CodeIgniter\CodeIgniter->runController(Object(Modules\Dashboard\Dashboard))
10 SYSTEMPATH\CodeIgniter.php(354): CodeIgniter\CodeIgniter->handleRequest(null, Object(Config\Cache), false)
11 SYSTEMPATH\Boot.php(334): CodeIgniter\CodeIgniter->run()
12 SYSTEMPATH\Boot.php(67): CodeIgniter\Boot::runCodeIgniter(Object(CodeIgniter\CodeIgniter))
13 FCPATH\index.php(59): CodeIgniter\Boot::bootWeb(Object(Config\Paths))
CRITICAL - 2025-05-19 14:57:39 --> CodeIgniter\View\Exceptions\ViewException: Invalid file: "Modules/Dashboard/Views/v_dashboard.php"
[Method: GET, Route: dashboard]
in SYSTEMPATH\Exceptions\FrameworkException.php on line 39.
 1 SYSTEMPATH\View\View.php(212): CodeIgniter\Exceptions\FrameworkException::forInvalidFile('Modules/Dashboard/Views/v_dashboard.php')
 2 SYSTEMPATH\Common.php(1173): CodeIgniter\View\View->render('Modules/Dashboard/Views/v_dashboard', [], true)
 3 APPPATH\Views\template.php(45): view('Modules/Dashboard/Views/v_dashboard')
 4 SYSTEMPATH\View\View.php(224): include('C:\\xampp\\htdocs\\klinikmedikidz\\appengines\\app\\Views\\template.php')
 5 SYSTEMPATH\View\View.php(227): CodeIgniter\View\View->CodeIgniter\View\{closure}()
 6 SYSTEMPATH\Common.php(1173): CodeIgniter\View\View->render('template', [], true)
 7 APPPATH\Modules\Dashboard\Dashboard.php(15): view('template', [...])
 8 SYSTEMPATH\CodeIgniter.php(933): Modules\Dashboard\Dashboard->index()
 9 SYSTEMPATH\CodeIgniter.php(507): CodeIgniter\CodeIgniter->runController(Object(Modules\Dashboard\Dashboard))
10 SYSTEMPATH\CodeIgniter.php(354): CodeIgniter\CodeIgniter->handleRequest(null, Object(Config\Cache), false)
11 SYSTEMPATH\Boot.php(334): CodeIgniter\CodeIgniter->run()
12 SYSTEMPATH\Boot.php(67): CodeIgniter\Boot::runCodeIgniter(Object(CodeIgniter\CodeIgniter))
13 FCPATH\index.php(59): CodeIgniter\Boot::bootWeb(Object(Config\Paths))
CRITICAL - 2025-05-19 14:57:40 --> CodeIgniter\View\Exceptions\ViewException: Invalid file: "Modules/Dashboard/Views/v_dashboard.php"
[Method: GET, Route: dashboard]
in SYSTEMPATH\Exceptions\FrameworkException.php on line 39.
 1 SYSTEMPATH\View\View.php(212): CodeIgniter\Exceptions\FrameworkException::forInvalidFile('Modules/Dashboard/Views/v_dashboard.php')
 2 SYSTEMPATH\Common.php(1173): CodeIgniter\View\View->render('Modules/Dashboard/Views/v_dashboard', [], true)
 3 APPPATH\Views\template.php(45): view('Modules/Dashboard/Views/v_dashboard')
 4 SYSTEMPATH\View\View.php(224): include('C:\\xampp\\htdocs\\klinikmedikidz\\appengines\\app\\Views\\template.php')
 5 SYSTEMPATH\View\View.php(227): CodeIgniter\View\View->CodeIgniter\View\{closure}()
 6 SYSTEMPATH\Common.php(1173): CodeIgniter\View\View->render('template', [], true)
 7 APPPATH\Modules\Dashboard\Dashboard.php(15): view('template', [...])
 8 SYSTEMPATH\CodeIgniter.php(933): Modules\Dashboard\Dashboard->index()
 9 SYSTEMPATH\CodeIgniter.php(507): CodeIgniter\CodeIgniter->runController(Object(Modules\Dashboard\Dashboard))
10 SYSTEMPATH\CodeIgniter.php(354): CodeIgniter\CodeIgniter->handleRequest(null, Object(Config\Cache), false)
11 SYSTEMPATH\Boot.php(334): CodeIgniter\CodeIgniter->run()
12 SYSTEMPATH\Boot.php(67): CodeIgniter\Boot::runCodeIgniter(Object(CodeIgniter\CodeIgniter))
13 FCPATH\index.php(59): CodeIgniter\Boot::bootWeb(Object(Config\Paths))
CRITICAL - 2025-05-19 15:02:07 --> CodeIgniter\View\Exceptions\ViewException: Invalid file: "v_password.php"
[Method: GET, Route: password]
in SYSTEMPATH\Exceptions\FrameworkException.php on line 39.
 1 SYSTEMPATH\View\View.php(212): CodeIgniter\Exceptions\FrameworkException::forInvalidFile('v_password.php')
 2 SYSTEMPATH\Common.php(1173): CodeIgniter\View\View->render('v_password', [], true)
 3 APPPATH\Controllers\Password.php(12): view('v_password', [...])
 4 SYSTEMPATH\CodeIgniter.php(933): App\Controllers\Password->index()
 5 SYSTEMPATH\CodeIgniter.php(507): CodeIgniter\CodeIgniter->runController(Object(App\Controllers\Password))
 6 SYSTEMPATH\CodeIgniter.php(354): CodeIgniter\CodeIgniter->handleRequest(null, Object(Config\Cache), false)
 7 SYSTEMPATH\Boot.php(334): CodeIgniter\CodeIgniter->run()
 8 SYSTEMPATH\Boot.php(67): CodeIgniter\Boot::runCodeIgniter(Object(CodeIgniter\CodeIgniter))
 9 FCPATH\index.php(59): CodeIgniter\Boot::bootWeb(Object(Config\Paths))
